<?xml version="1.0" encoding="UTF-8"?>
<!-- Generated by org.testng.reporters.JUnitXMLReporter -->
<testsuite ignored="6" hostname="Sandy" failures="1" tests="7" name="Test" time="192.099" errors="0" timestamp="2023-03-29T10:51:04 IST">
  <testcase classname="com.crm.VTiger.TestCases.CreateContactWithOrganisationTest" name="createContactWithOrganisationTest" time="28.459"/>
  <testcase classname="com.crm.VTiger.TestCases.CreateOrganisationTest" name="createOrganisationTest" time="14.979"/>
  <testcase classname="com.crm.VTiger.TestCases.CreateAndDeleteAnOrganisationTest" name="createAndDeleteAnOrganisationTest" time="11.004">
    <skipped/>
  </testcase> <!-- createAndDeleteAnOrganisationTest -->
  <testcase classname="com.crm.VTiger.TestCases.CreateAndDeleteAnOrganisationTest" name="createAndDeleteAnOrganisationTest" time="10.202">
    <skipped/>
  </testcase> <!-- createAndDeleteAnOrganisationTest -->
  <testcase classname="com.crm.VTiger.TestCases.CreateAndDeleteAnOrganisationTest" name="createAndDeleteAnOrganisationTest" time="9.682">
    <skipped/>
  </testcase> <!-- createAndDeleteAnOrganisationTest -->
  <testcase classname="com.crm.VTiger.TestCases.CreateAndDeleteAnOrganisationTest" name="createAndDeleteAnOrganisationTest" time="9.526">
    <failure type="java.lang.AssertionError" message="expected [true] but found [false]">
      <![CDATA[java.lang.AssertionError: expected [true] but found [false]
at com.crm.VTiger.TestCases.CreateAndDeleteAnOrganisationTest.createAndDeleteAnOrganisationTest(CreateAndDeleteAnOrganisationTest.java:27)
at java.base/java.util.ArrayList.forEach(ArrayList.java:1511)
... Removed 33 stack frames]]>
    </failure>
  </testcase> <!-- createAndDeleteAnOrganisationTest -->
  <testcase classname="com.crm.VTiger.TestCases.ValidateContactNameTest" name="validateContactNameTest" time="26.176"/>
  <testcase classname="genericLibrary.BaseClass" name="@AfterSuite closeConnWithDB" time="0.0">
    <ignored/>
  </testcase> <!-- @AfterSuite closeConnWithDB -->
  <testcase classname="genericLibrary.BaseClass" name="@AfterSuite closeConnWithDB" time="0.0">
    <ignored/>
  </testcase> <!-- @AfterSuite closeConnWithDB -->
  <testcase classname="genericLibrary.BaseClass" name="@AfterSuite closeConnWithDB" time="0.0">
    <ignored/>
  </testcase> <!-- @AfterSuite closeConnWithDB -->
  <testcase classname="genericLibrary.BaseClass" name="@BeforeSuite creConwithDataBase" time="0.0">
    <ignored/>
  </testcase> <!-- @BeforeSuite creConwithDataBase -->
  <testcase classname="genericLibrary.BaseClass" name="@BeforeSuite creConwithDataBase" time="0.0">
    <ignored/>
  </testcase> <!-- @BeforeSuite creConwithDataBase -->
  <testcase classname="genericLibrary.BaseClass" name="@BeforeSuite creConwithDataBase" time="0.0">
    <ignored/>
  </testcase> <!-- @BeforeSuite creConwithDataBase -->
</testsuite> <!-- Test -->
