<?xml version="1.0" encoding="UTF-8"?>
<testng-results ignored="0" total="1" passed="1" failed="0" skipped="0">
  <reporter-output>
  </reporter-output>
  <suite started-at="2023-04-07T15:32:56 IST" name="Default suite" finished-at="2023-04-07T15:33:46 IST" duration-ms="50344">
    <groups>
    </groups>
    <test started-at="2023-04-07T15:32:56 IST" name="Default test" finished-at="2023-04-07T15:33:46 IST" duration-ms="50344">
      <class name="sampleScripts.AllLinks">
        <test-method is-config="true" signature="creConwithDataBase()[pri:0, instance:sampleScripts.AllLinks@6574a52c]" started-at="2023-04-07T15:32:56 IST" name="creConwithDataBase" finished-at="2023-04-07T15:32:56 IST" duration-ms="10" status="PASS">
          <reporter-output>
          </reporter-output>
        </test-method> <!-- creConwithDataBase -->
        <test-method is-config="true" signature="openBrowser()[pri:0, instance:sampleScripts.AllLinks@6574a52c]" started-at="2023-04-07T15:32:56 IST" name="openBrowser" finished-at="2023-04-07T15:32:59 IST" duration-ms="3036" status="PASS">
          <reporter-output>
          </reporter-output>
        </test-method> <!-- openBrowser -->
        <test-method is-config="true" signature="login()[pri:0, instance:sampleScripts.AllLinks@6574a52c]" started-at="2023-04-07T15:32:59 IST" name="login" finished-at="2023-04-07T15:33:05 IST" duration-ms="6316" status="PASS">
          <reporter-output>
          </reporter-output>
        </test-method> <!-- login -->
        <test-method signature="allLinks()[pri:0, instance:sampleScripts.AllLinks@6574a52c]" started-at="2023-04-07T15:33:05 IST" name="allLinks" finished-at="2023-04-07T15:33:44 IST" duration-ms="38407" status="PASS">
          <reporter-output>
          </reporter-output>
        </test-method> <!-- allLinks -->
        <test-method is-config="true" signature="logout()[pri:0, instance:sampleScripts.AllLinks@6574a52c]" started-at="2023-04-07T15:33:44 IST" name="logout" finished-at="2023-04-07T15:33:46 IST" duration-ms="2371" status="PASS">
          <reporter-output>
          </reporter-output>
        </test-method> <!-- logout -->
        <test-method is-config="true" signature="closeBroser()[pri:0, instance:sampleScripts.AllLinks@6574a52c]" started-at="2023-04-07T15:33:46 IST" name="closeBroser" finished-at="2023-04-07T15:33:46 IST" duration-ms="167" status="PASS">
          <reporter-output>
          </reporter-output>
        </test-method> <!-- closeBroser -->
        <test-method is-config="true" signature="closeConnWithDB()[pri:0, instance:sampleScripts.AllLinks@6574a52c]" started-at="2023-04-07T15:33:46 IST" name="closeConnWithDB" finished-at="2023-04-07T15:33:46 IST" duration-ms="1" status="PASS">
          <reporter-output>
          </reporter-output>
        </test-method> <!-- closeConnWithDB -->
      </class> <!-- sampleScripts.AllLinks -->
    </test> <!-- Default test -->
  </suite> <!-- Default suite -->
</testng-results>
